<?xml version='1.0' encoding='UTF-8'?>
<testsuite hostname="PCSantiago" name="funsets.FunSetSuite" tests="3" errors="0" failures="1" skipped="1" time="0.066" timestamp="2023-09-27T11:41:52">
          <properties>
      <property name="java.specification.version" value="17"/><property name="sun.cpu.isalist" value="amd64"/><property name="sun.jnu.encoding" value="Cp1252"/><property name="sun.arch.data.model" value="64"/><property name="java.vendor.url" value="https://java.oracle.com/"/><property name="sun.boot.library.path" value="C:\Program Files\Java\jdk-17\bin"/><property name="sun.java.command" value="xsbt.boot.Boot"/><property name="jdk.debug" value="release"/><property name="sun.stderr.encoding" value="cp850"/><property name="java.specification.vendor" value="Oracle Corporation"/><property name="java.version.date" value="2023-07-18"/><property name="java.home" value="C:\Program Files\Java\jdk-17"/><property name="file.separator" value="\"/><property name="java.vm.compressedOopsMode" value="32-bit"/><property name="line.separator" value="
"/><property name="sun.stdout.encoding" value="cp850"/><property name="java.vm.specification.vendor" value="Oracle Corporation"/><property name="java.specification.name" value="Java Platform API Specification"/><property name="user.script" value=""/><property name="sun.management.compiler" value="HotSpot 64-Bit Tiered Compilers"/><property name="java.runtime.version" value="17.0.8+9-LTS-211"/><property name="user.name" value="sanar"/><property name="log4j.ignoreTCL" value="true"/><property name="file.encoding" value="UTF-8"/><property name="jnidispatch.path" value="C:\Users\sanar\AppData\Local\Temp\jna-109203473\jna13413484892022542914.dll"/><property name="jna.loaded" value="true"/><property name="java.io.tmpdir" value="C:\Users\sanar\AppData\Local\Temp\"/><property name="java.version" value="17.0.8"/><property name="java.vm.specification.name" value="Java Virtual Machine Specification"/><property name="sun.os.patch.level" value=""/><property name="native.encoding" value="Cp1252"/><property name="java.library.path" value="C:\Program Files\Java\jdk-17\bin;C:\WINDOWS\Sun\Java\bin;C:\WINDOWS\system32;C:\WINDOWS;C:\Program Files\Java\jdk-17\bin;C:\Program Files\PowerShell\7;C:\Program Files\Common Files\Oracle\Java\javapath;C:\Program Files (x86)\Common Files\Oracle\Java\javapath;C:\Windows\system32;C:\Windows;C:\Windows\System32\Wbem;C:\Windows\System32\WindowsPowerShell\v1.0\;C:\Windows\System32\OpenSSH\;C:\Program Files (x86)\NVIDIA Corporation\PhysX\Common;C:\WINDOWS\system32;C:\WINDOWS;C:\WINDOWS\System32\Wbem;C:\WINDOWS\System32\WindowsPowerShell\v1.0\;C:\WINDOWS\System32\OpenSSH\;C:\Program Files\NVIDIA Corporation\NVIDIA NvDLISR;C:\Program Files\dotnet\;C:\Program Files\Git\cmd;C:\Program Files (x86)\sbt\bin;C:\Program Files (x86)\ZeroTier\One\;C:\Users\sanar\Desktop\U\8vo\Ingesoft 4\Semana 1\gradle-6.6\bin;C:\Program Files\ZeroC\Ice-3.7.9\bin;C:\Program Files\Java\jdk-17\bin;C:\Users\sanar\Desktop\U\8vo\Ingesoft 4\Semana 1\gradle-6.6\bin;C:\Program Files\nodejs\;C:\Program Files\TortoiseGit\bin;C:\Program Files\PowerShell\7\;C:\Program Files\Java\jdk1.8.0_202\bin;C:\Users\sanar\AppData\Local\Programs\Microsoft VS Code\bin;C:\Program Files\JetBrains\IntelliJ IDEA 2023.2\bin;C:\Users\sanar\AppData\Local\Coursier\data\bin;C:\Program Files\Nmap;C:\Users\sanar\AppData\Roaming\npm;."/><property name="java.vendor" value="Oracle Corporation"/><property name="scala.ext.dirs" value="C:\Users\sanar\.sbt\1.0\java9-rt-ext-oracle_corporation_17_0_8"/><property name="sun.io.unicode.encoding" value="UnicodeLittle"/><property name="java.class.path" value="C:\Program Files (x86)\sbt\bin\sbt-launch.jar"/><property name="java.vm.vendor" value="Oracle Corporation"/><property name="user.variant" value=""/><property name="jline.shutdownhook" value="false"/><property name="user.timezone" value="America/Bogota"/><property name="java.vm.specification.version" value="17"/><property name="os.name" value="Windows 11"/><property name="sun.java.launcher" value="SUN_STANDARD"/><property name="user.country" value="ES"/><property name="sun.cpu.endian" value="little"/><property name="user.home" value="C:\Users\sanar"/><property name="user.language" value="es"/><property name="swoval.tmpdir" value="C:\Users\sanar\.sbt\1.0"/><property name="jline.esc.timeout" value="0"/><property name="path.separator" value=";"/><property name="os.version" value="10.0"/><property name="jna.nosys" value="true"/><property name="java.runtime.name" value="Java(TM) SE Runtime Environment"/><property name="java.vm.name" value="Java HotSpot(TM) 64-Bit Server VM"/><property name="java.vendor.url.bug" value="https://bugreport.java.com/bugreport/"/><property name="user.dir" value="C:\Users\sanar\Desktop\U\8vo\Discretas 2\taller2-santiago-arboleda"/><property name="os.arch" value="amd64"/><property name="java.vm.info" value="mixed mode, sharing"/><property name="java.vm.version" value="17.0.8+9-LTS-211"/><property name="java.class.version" value="61.0"/>
    </properties>
          <testcase classname="funsets.FunSetSuite" name="contains is implemented" time="0.058">
                      
                    </testcase><testcase classname="funsets.FunSetSuite" name="singleton set one contains one" time="0.001">
                      <skipped/>
                    </testcase><testcase classname="funsets.FunSetSuite" name="union contains all elements of each set" time="0.007">
                      <failure message="an implementation is missing" type="scala.NotImplementedError">scala.NotImplementedError: an implementation is missing
	at scala.Predef$.$qmark$qmark$qmark(Predef.scala:345)
	at funsets.FunSets.singletonSet(FunSets.scala:24)
	at funsets.FunSets.singletonSet$(FunSets.scala:8)
	at funsets.FunSets$.singletonSet(FunSets.scala:94)
	at funsets.FunSetSuite$TestSets.$init$(FunSetSuite.scala:23)
	at funsets.FunSetSuite$$anon$2.&lt;init&gt;(FunSetSuite.scala:46)
	at funsets.FunSetSuite.$init$$$anonfun$3(FunSetSuite.scala:50)
</failure>
                    </testcase>
          <system-out><![CDATA[]]></system-out>
          <system-err><![CDATA[]]></system-err>
        </testsuite>